<?xml version="1.0" encoding="UTF-8"?>
<testng-results skipped="0" failed="0" total="2" passed="2">
  <reporter-output>
  </reporter-output>
  <suite name="DemoAUT" duration-ms="55934" started-at="2018-07-09T17:52:43Z" finished-at="2018-07-09T17:53:39Z">
    <groups>
    </groups>
    <test name="Chrome test" duration-ms="55934" started-at="2018-07-09T17:52:43Z" finished-at="2018-07-09T17:53:39Z">
      <class name="testCases.Login">
        <test-method status="PASS" signature="launchApp(java.lang.String)[pri:0, instance:testCases.Login@4566e5bd]" name="launchApp" is-config="true" duration-ms="27544" started-at="2018-07-09T23:22:43Z" finished-at="2018-07-09T23:23:10Z">
          <params>
            <param index="0">
              <value>
                <![CDATA[chrome]]>
              </value>
            </param>
          </params>
          <reporter-output>
          </reporter-output>
        </test-method> <!-- launchApp -->
        <test-method status="PASS" signature="FlightFinder(java.lang.String, java.lang.String, java.lang.String, java.lang.String, java.lang.String, java.lang.String, java.lang.String, java.lang.String, java.lang.String, java.lang.String, java.lang.String, java.lang.String)[pri:0, instance:testCases.Login@4566e5bd]" name="FlightFinder" duration-ms="10511" started-at="2018-07-09T23:23:11Z" data-provider="FlightFinder" finished-at="2018-07-09T23:23:22Z">
          <params>
            <param index="0">
              <value>
                <![CDATA[Sendhil]]>
              </value>
            </param>
            <param index="1">
              <value>
                <![CDATA[a4tech]]>
              </value>
            </param>
            <param index="2">
              <value>
                <![CDATA[ONEWAY]]>
              </value>
            </param>
            <param index="3">
              <value>
                <![CDATA[2]]>
              </value>
            </param>
            <param index="4">
              <value>
                <![CDATA[London]]>
              </value>
            </param>
            <param index="5">
              <value>
                <![CDATA[April]]>
              </value>
            </param>
            <param index="6">
              <value>
                <![CDATA[20]]>
              </value>
            </param>
            <param index="7">
              <value>
                <![CDATA[London]]>
              </value>
            </param>
            <param index="8">
              <value>
                <![CDATA[July]]>
              </value>
            </param>
            <param index="9">
              <value>
                <![CDATA[21]]>
              </value>
            </param>
            <param index="10">
              <value>
                <![CDATA[FirstClass]]>
              </value>
            </param>
            <param index="11">
              <value>
                <![CDATA[Blue Skies Airlines]]>
              </value>
            </param>
          </params>
          <reporter-output>
          </reporter-output>
        </test-method> <!-- FlightFinder -->
        <test-method status="PASS" signature="Login_TC01(java.lang.String, java.lang.String, java.lang.String)[pri:2, instance:testCases.Login@4566e5bd]" name="Login_TC01" duration-ms="10550" started-at="2018-07-09T23:23:22Z" data-provider="Login" finished-at="2018-07-09T23:23:32Z">
          <params>
            <param index="0">
              <value>
                <![CDATA[Sendhil]]>
              </value>
            </param>
            <param index="1">
              <value>
                <![CDATA[a4tech]]>
              </value>
            </param>
            <param index="2">
              <value>
                <![CDATA[Sign-on: Mercury Tours]]>
              </value>
            </param>
          </params>
          <reporter-output>
          </reporter-output>
        </test-method> <!-- Login_TC01 -->
        <test-method status="PASS" signature="close()[pri:0, instance:testCases.Login@4566e5bd]" name="close" is-config="true" duration-ms="6219" started-at="2018-07-09T23:23:32Z" finished-at="2018-07-09T23:23:39Z">
          <reporter-output>
          </reporter-output>
        </test-method> <!-- close -->
      </class> <!-- testCases.Login -->
    </test> <!-- Chrome test -->
  </suite> <!-- DemoAUT -->
</testng-results>
